<?xml version="1.0" encoding="UTF-8"?>
<!-- Generated by org.testng.reporters.JUnitReportReporter -->
<testsuite hostname="TYSS-4F-029" name="Scripts.InvalidLogin" tests="1" failures="0" timestamp="8 Nov 2017 06:46:22 GMT" time="30.474" errors="0">
  <testcase name="testInvalidLogin" time="30.474" classname="Scripts.InvalidLogin"/>
</testsuite> <!-- Scripts.InvalidLogin -->
