<?xml version="1.0" encoding="UTF-8"?>
<!-- Generated by org.testng.reporters.JUnitReportReporter -->
<testsuite hostname="TYSS-4F-029" name="Scripts.Loginlogout" tests="1" failures="0" timestamp="9 Nov 2017 06:04:14 GMT" time="32.891" errors="0">
  <testcase name="testloginlougout" time="32.891" classname="Scripts.Loginlogout"/>
</testsuite> <!-- Scripts.Loginlogout -->
