<?xml version="1.0" encoding="UTF-8"?>
<!-- Generated by org.testng.reporters.JUnitReportReporter -->
<testsuite hostname="TYSS-4F-029" name="Scripts.VerifyAddress" tests="1" failures="0" timestamp="8 Nov 2017 06:46:22 GMT" time="153.539" errors="0">
  <testcase name="testverifyaddress" time="153.539" classname="Scripts.VerifyAddress"/>
</testsuite> <!-- Scripts.VerifyAddress -->
