<?xml version="1.0" encoding="UTF-8"?>
<!-- Generated by org.testng.reporters.JUnitReportReporter -->
<testsuite hostname="TYSS-4F-029" name="Scripts.ChangePassword" tests="1" failures="0" timestamp="8 Nov 2017 09:42:16 GMT" time="90.486" errors="0">
  <testcase name="testChangePasswor" time="90.486" classname="Scripts.ChangePassword"/>
</testsuite> <!-- Scripts.ChangePassword -->
