<?xml version="1.0" encoding="UTF-8"?>
<!-- Generated by org.testng.reporters.JUnitReportReporter -->
<testsuite hostname="TYSS-4F-029" name="Scripts.Mousehover_overdrive" tests="1" failures="0" timestamp="9 Nov 2017 06:03:28 GMT" time="32.530" errors="0">
  <testcase name="testMousehover_overdrive" time="32.530" classname="Scripts.Mousehover_overdrive"/>
</testsuite> <!-- Scripts.Mousehover_overdrive -->
